<?xml version="1.0" encoding="UTF-8"?>
<testng-results ignored="0" total="3" passed="3" failed="0" skipped="0">
  <reporter-output>
    <line>
      <![CDATA[CreateProject]]>
    </line>
    <line>
      <![CDATA[DeleteProject]]>
    </line>
    <line>
      <![CDATA[ModifyProject]]>
    </line>
  </reporter-output>
  <suite started-at="2022-08-17T14:43:41 IST" name="Default suite" finished-at="2022-08-17T14:43:41 IST" duration-ms="42">
    <groups>
    </groups>
    <test started-at="2022-08-17T14:43:41 IST" name="Default test" finished-at="2022-08-17T14:43:41 IST" duration-ms="42">
      <class name="com.testscript.ProjectModule">
        <test-method signature="CreateProject()[pri:0, instance:com.testscript.ProjectModule@54bff557]" started-at="2022-08-17T14:43:41 IST" name="CreateProject" finished-at="2022-08-17T14:43:41 IST" duration-ms="7" status="PASS">
          <reporter-output>
            <line>
              <![CDATA[CreateProject]]>
            </line>
          </reporter-output>
        </test-method> <!-- CreateProject -->
        <test-method signature="DeleteProject()[pri:0, instance:com.testscript.ProjectModule@54bff557]" started-at="2022-08-17T14:43:41 IST" name="DeleteProject" finished-at="2022-08-17T14:43:41 IST" duration-ms="1" status="PASS">
          <reporter-output>
            <line>
              <![CDATA[DeleteProject]]>
            </line>
          </reporter-output>
        </test-method> <!-- DeleteProject -->
        <test-method signature="ModifyProject()[pri:0, instance:com.testscript.ProjectModule@54bff557]" started-at="2022-08-17T14:43:41 IST" name="ModifyProject" finished-at="2022-08-17T14:43:41 IST" duration-ms="1" status="PASS">
          <reporter-output>
            <line>
              <![CDATA[ModifyProject]]>
            </line>
          </reporter-output>
        </test-method> <!-- ModifyProject -->
      </class> <!-- com.testscript.ProjectModule -->
    </test> <!-- Default test -->
  </suite> <!-- Default suite -->
</testng-results>
