<?xml version="1.0" encoding="UTF-8"?>
<!-- Generated by org.testng.reporters.JUnitXMLReporter -->
<testsuite ignored="0" hostname="Sunitha" failures="1" tests="1" name="Test" time="0.022" errors="0" timestamp="2022-08-17T12:42:39 IST">
  <testcase classname="dataprovider.DataProvider1" name="executeScript" time="0.0">
    <failure type="org.testng.TestNGException" message="
Cannot inject @Test annotated Method [executeScript] with [class java.lang.String, class java.lang.String].
For more information on native dependency injection please refer to https://testng.org/doc/documentation-main.html#native-dependency-injection">
      <![CDATA[org.testng.TestNGException: 
Cannot inject @Test annotated Method [executeScript] with [class java.lang.String, class java.lang.String].
For more information on native dependency injection please refer to https://testng.org/doc/documentation-main.html#native-dependency-injection
at java.base/java.util.ArrayList.forEach(ArrayList.java:1511)
... Removed 26 stack frames]]>
    </failure>
  </testcase> <!-- executeScript -->
</testsuite> <!-- Test -->
