<?xml version="1.0" encoding="UTF-8"?>
<!-- Generated by org.testng.reporters.JUnitXMLReporter -->
<testsuite ignored="0" hostname="Sunitha" failures="0" tests="3" name="Default test" time="0.042" errors="0" timestamp="2022-08-17T14:43:41 IST">
  <testcase classname="com.testscript.ProjectModule" name="CreateProject" time="0.007"/>
  <testcase classname="com.testscript.ProjectModule" name="DeleteProject" time="0.001"/>
  <testcase classname="com.testscript.ProjectModule" name="ModifyProject" time="0.001"/>
</testsuite> <!-- Default test -->
